<?xml version="1.0" encoding="UTF-8"?>
<!-- Generated by org.testng.reporters.JUnitReportReporter -->
<testsuite hostname="RomanVk" failures="0" tests="1" name="Test_cases.testcase_002" time="10.519" errors="0" timestamp="2023-05-25T20:44:13 IST" skipped="0">
  <testcase classname="Test_cases.testcase_002" name="nop_login" time="10.519"/>
  <system-out/>
</testsuite> <!-- Test_cases.testcase_002 -->
