<?xml version="1.0" encoding="UTF-8"?>
<!-- Generated by org.testng.reporters.JUnitReportReporter -->
<testsuite hostname="RomanVk" failures="0" tests="1" name="Test_cases.testcase_001" time="11.407" errors="0" timestamp="2023-05-24T17:00:01 IST" skipped="0">
  <testcase classname="Test_cases.testcase_001" name="loginTest" time="11.407"/>
  <system-out/>
</testsuite> <!-- Test_cases.testcase_001 -->
